<?xml version="1.0" encoding="UTF-8"?>
<testng-results skipped="0" failed="0" ignored="0" total="1" passed="1">
  <reporter-output>
  </reporter-output>
  <suite name="Default suite" duration-ms="27307" started-at="2022-05-02T16:58:46 IST" finished-at="2022-05-02T16:59:14 IST">
    <groups>
    </groups>
    <test name="Default test" duration-ms="27307" started-at="2022-05-02T16:58:46 IST" finished-at="2022-05-02T16:59:14 IST">
      <class name="TestNG.Example71">
        <test-method status="PASS" signature="loginPageValidationInActitimeApplication()[pri:0, instance:TestNG.Example71@646d64ab]" name="loginPageValidationInActitimeApplication" duration-ms="27245" started-at="2022-05-02T16:58:46 IST" finished-at="2022-05-02T16:59:14 IST">
          <reporter-output>
          </reporter-output>
        </test-method> <!-- loginPageValidationInActitimeApplication -->
      </class> <!-- TestNG.Example71 -->
    </test> <!-- Default test -->
  </suite> <!-- Default suite -->
</testng-results>
