<?xml version="1.0" encoding="UTF-8"?>
<testng-results skipped="0" failed="0" total="1" passed="1">
  <reporter-output>
  </reporter-output>
  <suite name="Default suite" duration-ms="9672" started-at="2022-05-05T15:40:46Z" finished-at="2022-05-05T15:40:55Z">
    <groups>
    </groups>
    <test name="Default test" duration-ms="9672" started-at="2022-05-05T15:40:46Z" finished-at="2022-05-05T15:40:55Z">
      <class name="sampletest.Screenshot">
        <test-method status="PASS" signature="testScreenShot2()[pri:0, instance:sampletest.Screenshot@794cb805]" name="testScreenShot2" duration-ms="9656" started-at="2022-05-05T21:10:46Z" finished-at="2022-05-05T21:10:55Z">
          <reporter-output>
          </reporter-output>
        </test-method> <!-- testScreenShot2 -->
      </class> <!-- sampletest.Screenshot -->
    </test> <!-- Default test -->
  </suite> <!-- Default suite -->
</testng-results>
